<?xml version="1.0" encoding="UTF-8"?>
<!-- Generated by org.testng.reporters.JUnitReportReporter -->
<testsuite skipped="0" hostname="MANNUANNUAA94" name="testScripts.TwitterTest" tests="1" failures="0" timestamp="30 Aug 2018 13:53:28 GMT" time="11.108" errors="0">
  <testcase name="twitTest" time="11.108" classname="testScripts.TwitterTest"/>
</testsuite> <!-- testScripts.TwitterTest -->
