<?xml version="1.0" encoding="UTF-8"?>
<!-- Generated by org.testng.reporters.JUnitReportReporter -->
<testsuite skipped="0" hostname="MANNUANNUAA94" name="testScripts.FacebookTest" tests="1" failures="0" timestamp="30 Aug 2018 13:53:28 GMT" time="15.136" errors="0">
  <testcase name="fbTest" time="15.136" classname="testScripts.FacebookTest"/>
</testsuite> <!-- testScripts.FacebookTest -->
