<?xml version="1.0" encoding="UTF-8"?>
<!-- Generated by org.testng.reporters.JUnitReportReporter -->
<testsuite skipped="0" hostname="MANNUANNUAA94" name="testScripts.InstagramTest" tests="1" failures="0" timestamp="30 Aug 2018 13:53:28 GMT" time="11.762" errors="0">
  <testcase name="InstaTest" time="11.762" classname="testScripts.InstagramTest"/>
</testsuite> <!-- testScripts.InstagramTest -->
